<?xml version="1.0" encoding="UTF-8"?>
<testsuite xmlns:xsi="http://www.w3.org/2001/XMLSchema-instance" xsi:noNamespaceSchemaLocation="https://maven.apache.org/surefire/maven-surefire-plugin/xsd/surefire-test-report.xsd" name="com.weiheng.Bcrypt.BCryptTest" time="2.31" tests="1" errors="0" skipped="0" failures="0">
  <properties>
    <property name="sun.desktop" value="windows"/>
    <property name="awt.toolkit" value="sun.awt.windows.WToolkit"/>
    <property name="file.encoding.pkg" value="sun.io"/>
    <property name="java.specification.version" value="1.8"/>
    <property name="sun.cpu.isalist" value="amd64"/>
    <property name="sun.jnu.encoding" value="GBK"/>
    <property name="java.class.path" value="D:\project\secondkill\target\test-classes;D:\project\secondkill\target\classes;D:\maven-repository\org\springframework\boot\spring-boot-starter\2.5.2\spring-boot-starter-2.5.2.jar;D:\maven-repository\org\springframework\boot\spring-boot\2.5.2\spring-boot-2.5.2.jar;D:\maven-repository\org\springframework\spring-context\5.3.8\spring-context-5.3.8.jar;D:\maven-repository\org\springframework\boot\spring-boot-autoconfigure\2.5.2\spring-boot-autoconfigure-2.5.2.jar;D:\maven-repository\org\springframework\boot\spring-boot-starter-logging\2.5.2\spring-boot-starter-logging-2.5.2.jar;D:\maven-repository\ch\qos\logback\logback-classic\1.2.3\logback-classic-1.2.3.jar;D:\maven-repository\ch\qos\logback\logback-core\1.2.3\logback-core-1.2.3.jar;D:\maven-repository\org\apache\logging\log4j\log4j-to-slf4j\2.14.1\log4j-to-slf4j-2.14.1.jar;D:\maven-repository\org\apache\logging\log4j\log4j-api\2.14.1\log4j-api-2.14.1.jar;D:\maven-repository\org\slf4j\jul-to-slf4j\1.7.31\jul-to-slf4j-1.7.31.jar;D:\maven-repository\jakarta\annotation\jakarta.annotation-api\1.3.5\jakarta.annotation-api-1.3.5.jar;D:\maven-repository\org\springframework\spring-core\5.3.8\spring-core-5.3.8.jar;D:\maven-repository\org\springframework\spring-jcl\5.3.8\spring-jcl-5.3.8.jar;D:\maven-repository\org\yaml\snakeyaml\1.28\snakeyaml-1.28.jar;D:\maven-repository\org\springframework\boot\spring-boot-starter-thymeleaf\2.5.2\spring-boot-starter-thymeleaf-2.5.2.jar;D:\maven-repository\org\thymeleaf\thymeleaf-spring5\3.0.12.RELEASE\thymeleaf-spring5-3.0.12.RELEASE.jar;D:\maven-repository\org\thymeleaf\thymeleaf\3.0.12.RELEASE\thymeleaf-3.0.12.RELEASE.jar;D:\maven-repository\org\attoparser\attoparser\2.0.5.RELEASE\attoparser-2.0.5.RELEASE.jar;D:\maven-repository\org\unbescape\unbescape\1.1.6.RELEASE\unbescape-1.1.6.RELEASE.jar;D:\maven-repository\org\thymeleaf\extras\thymeleaf-extras-java8time\3.0.4.RELEASE\thymeleaf-extras-java8time-3.0.4.RELEASE.jar;D:\maven-repository\com\baomidou\mybatis-plus-boot-starter\3.1.2\mybatis-plus-boot-starter-3.1.2.jar;D:\maven-repository\com\baomidou\mybatis-plus\3.1.2\mybatis-plus-3.1.2.jar;D:\maven-repository\com\baomidou\mybatis-plus-extension\3.1.2\mybatis-plus-extension-3.1.2.jar;D:\maven-repository\com\baomidou\mybatis-plus-core\3.1.2\mybatis-plus-core-3.1.2.jar;D:\maven-repository\com\baomidou\mybatis-plus-annotation\3.1.2\mybatis-plus-annotation-3.1.2.jar;D:\maven-repository\com\github\jsqlparser\jsqlparser\1.2\jsqlparser-1.2.jar;D:\maven-repository\org\mybatis\mybatis\3.5.1\mybatis-3.5.1.jar;D:\maven-repository\org\mybatis\mybatis-spring\2.0.1\mybatis-spring-2.0.1.jar;D:\maven-repository\org\springframework\boot\spring-boot-starter-jdbc\2.5.2\spring-boot-starter-jdbc-2.5.2.jar;D:\maven-repository\com\zaxxer\HikariCP\4.0.3\HikariCP-4.0.3.jar;D:\maven-repository\org\springframework\spring-jdbc\5.3.8\spring-jdbc-5.3.8.jar;D:\maven-repository\org\springframework\boot\spring-boot-starter-web\2.5.2\spring-boot-starter-web-2.5.2.jar;D:\maven-repository\org\springframework\boot\spring-boot-starter-json\2.5.2\spring-boot-starter-json-2.5.2.jar;D:\maven-repository\com\fasterxml\jackson\datatype\jackson-datatype-jdk8\2.12.3\jackson-datatype-jdk8-2.12.3.jar;D:\maven-repository\com\fasterxml\jackson\datatype\jackson-datatype-jsr310\2.12.3\jackson-datatype-jsr310-2.12.3.jar;D:\maven-repository\com\fasterxml\jackson\module\jackson-module-parameter-names\2.12.3\jackson-module-parameter-names-2.12.3.jar;D:\maven-repository\org\springframework\boot\spring-boot-starter-tomcat\2.5.2\spring-boot-starter-tomcat-2.5.2.jar;D:\maven-repository\org\apache\tomcat\embed\tomcat-embed-core\9.0.48\tomcat-embed-core-9.0.48.jar;D:\maven-repository\org\apache\tomcat\embed\tomcat-embed-el\9.0.48\tomcat-embed-el-9.0.48.jar;D:\maven-repository\org\apache\tomcat\embed\tomcat-embed-websocket\9.0.48\tomcat-embed-websocket-9.0.48.jar;D:\maven-repository\org\springframework\spring-web\5.3.8\spring-web-5.3.8.jar;D:\maven-repository\org\springframework\spring-beans\5.3.8\spring-beans-5.3.8.jar;D:\maven-repository\org\springframework\spring-webmvc\5.3.8\spring-webmvc-5.3.8.jar;D:\maven-repository\org\springframework\spring-expression\5.3.8\spring-expression-5.3.8.jar;D:\maven-repository\mysql\mysql-connector-java\8.0.11\mysql-connector-java-8.0.11.jar;D:\maven-repository\org\projectlombok\lombok\1.18.20\lombok-1.18.20.jar;D:\maven-repository\org\springframework\boot\spring-boot-starter-security\2.5.2\spring-boot-starter-security-2.5.2.jar;D:\maven-repository\org\springframework\spring-aop\5.3.8\spring-aop-5.3.8.jar;D:\maven-repository\org\springframework\security\spring-security-config\5.5.1\spring-security-config-5.5.1.jar;D:\maven-repository\org\springframework\security\spring-security-core\5.5.1\spring-security-core-5.5.1.jar;D:\maven-repository\org\springframework\security\spring-security-crypto\5.5.1\spring-security-crypto-5.5.1.jar;D:\maven-repository\org\springframework\security\spring-security-web\5.5.1\spring-security-web-5.5.1.jar;D:\maven-repository\io\jsonwebtoken\jjwt-api\0.10.6\jjwt-api-0.10.6.jar;D:\maven-repository\io\jsonwebtoken\jjwt-impl\0.10.6\jjwt-impl-0.10.6.jar;D:\maven-repository\io\jsonwebtoken\jjwt-jackson\0.10.6\jjwt-jackson-0.10.6.jar;D:\maven-repository\com\fasterxml\jackson\core\jackson-databind\2.12.3\jackson-databind-2.12.3.jar;D:\maven-repository\com\fasterxml\jackson\core\jackson-annotations\2.12.3\jackson-annotations-2.12.3.jar;D:\maven-repository\org\springframework\boot\spring-boot-configuration-processor\2.5.2\spring-boot-configuration-processor-2.5.2.jar;D:\maven-repository\commons-lang\commons-lang\2.6\commons-lang-2.6.jar;D:\maven-repository\log4j\log4j\1.2.17\log4j-1.2.17.jar;D:\maven-repository\org\springframework\boot\spring-boot-starter-test\2.5.2\spring-boot-starter-test-2.5.2.jar;D:\maven-repository\org\springframework\boot\spring-boot-test\2.5.2\spring-boot-test-2.5.2.jar;D:\maven-repository\org\springframework\boot\spring-boot-test-autoconfigure\2.5.2\spring-boot-test-autoconfigure-2.5.2.jar;D:\maven-repository\com\jayway\jsonpath\json-path\2.5.0\json-path-2.5.0.jar;D:\maven-repository\net\minidev\json-smart\2.4.7\json-smart-2.4.7.jar;D:\maven-repository\net\minidev\accessors-smart\2.4.7\accessors-smart-2.4.7.jar;D:\maven-repository\org\ow2\asm\asm\9.1\asm-9.1.jar;D:\maven-repository\jakarta\xml\bind\jakarta.xml.bind-api\2.3.3\jakarta.xml.bind-api-2.3.3.jar;D:\maven-repository\jakarta\activation\jakarta.activation-api\1.2.2\jakarta.activation-api-1.2.2.jar;D:\maven-repository\org\assertj\assertj-core\3.19.0\assertj-core-3.19.0.jar;D:\maven-repository\org\hamcrest\hamcrest\2.2\hamcrest-2.2.jar;D:\maven-repository\org\junit\jupiter\junit-jupiter\5.7.2\junit-jupiter-5.7.2.jar;D:\maven-repository\org\junit\jupiter\junit-jupiter-api\5.7.2\junit-jupiter-api-5.7.2.jar;D:\maven-repository\org\apiguardian\apiguardian-api\1.1.0\apiguardian-api-1.1.0.jar;D:\maven-repository\org\opentest4j\opentest4j\1.2.0\opentest4j-1.2.0.jar;D:\maven-repository\org\junit\platform\junit-platform-commons\1.7.2\junit-platform-commons-1.7.2.jar;D:\maven-repository\org\junit\jupiter\junit-jupiter-params\5.7.2\junit-jupiter-params-5.7.2.jar;D:\maven-repository\org\junit\jupiter\junit-jupiter-engine\5.7.2\junit-jupiter-engine-5.7.2.jar;D:\maven-repository\org\junit\platform\junit-platform-engine\1.7.2\junit-platform-engine-1.7.2.jar;D:\maven-repository\org\mockito\mockito-core\3.9.0\mockito-core-3.9.0.jar;D:\maven-repository\net\bytebuddy\byte-buddy-agent\1.10.22\byte-buddy-agent-1.10.22.jar;D:\maven-repository\org\objenesis\objenesis\3.2\objenesis-3.2.jar;D:\maven-repository\org\mockito\mockito-junit-jupiter\3.9.0\mockito-junit-jupiter-3.9.0.jar;D:\maven-repository\org\skyscreamer\jsonassert\1.5.0\jsonassert-1.5.0.jar;D:\maven-repository\com\vaadin\external\google\android-json\0.0.20131108.vaadin1\android-json-0.0.20131108.vaadin1.jar;D:\maven-repository\org\springframework\spring-test\5.3.8\spring-test-5.3.8.jar;D:\maven-repository\org\xmlunit\xmlunit-core\2.8.2\xmlunit-core-2.8.2.jar;D:\maven-repository\javax\validation\validation-api\1.1.0.Final\validation-api-1.1.0.Final.jar;D:\maven-repository\org\hibernate\hibernate-validator\5.4.1.Final\hibernate-validator-5.4.1.Final.jar;D:\maven-repository\org\jboss\logging\jboss-logging\3.4.2.Final\jboss-logging-3.4.2.Final.jar;D:\maven-repository\com\fasterxml\classmate\1.5.1\classmate-1.5.1.jar;D:\maven-repository\joda-time\joda-time\2.9.2\joda-time-2.9.2.jar;D:\maven-repository\org\springframework\boot\spring-boot-starter-amqp\2.5.2\spring-boot-starter-amqp-2.5.2.jar;D:\maven-repository\org\springframework\spring-messaging\5.3.8\spring-messaging-5.3.8.jar;D:\maven-repository\org\springframework\amqp\spring-rabbit\2.3.9\spring-rabbit-2.3.9.jar;D:\maven-repository\org\springframework\amqp\spring-amqp\2.3.9\spring-amqp-2.3.9.jar;D:\maven-repository\org\springframework\retry\spring-retry\1.3.1\spring-retry-1.3.1.jar;D:\maven-repository\com\rabbitmq\amqp-client\5.12.0\amqp-client-5.12.0.jar;D:\maven-repository\org\springframework\spring-tx\5.3.8\spring-tx-5.3.8.jar;D:\maven-repository\org\springframework\boot\spring-boot-starter-redis\1.3.5.RELEASE\spring-boot-starter-redis-1.3.5.RELEASE.jar;D:\maven-repository\org\springframework\data\spring-data-redis\2.5.2\spring-data-redis-2.5.2.jar;D:\maven-repository\org\springframework\data\spring-data-keyvalue\2.5.2\spring-data-keyvalue-2.5.2.jar;D:\maven-repository\org\springframework\data\spring-data-commons\2.5.2\spring-data-commons-2.5.2.jar;D:\maven-repository\org\springframework\spring-oxm\5.3.8\spring-oxm-5.3.8.jar;D:\maven-repository\org\springframework\spring-context-support\5.3.8\spring-context-support-5.3.8.jar;D:\maven-repository\redis\clients\jedis\3.6.1\jedis-3.6.1.jar;D:\maven-repository\org\apache\commons\commons-pool2\2.9.0\commons-pool2-2.9.0.jar;D:\maven-repository\org\redisson\redisson\3.8.2\redisson-3.8.2.jar;D:\maven-repository\io\netty\netty-common\4.1.65.Final\netty-common-4.1.65.Final.jar;D:\maven-repository\io\netty\netty-codec\4.1.65.Final\netty-codec-4.1.65.Final.jar;D:\maven-repository\io\netty\netty-buffer\4.1.65.Final\netty-buffer-4.1.65.Final.jar;D:\maven-repository\io\netty\netty-transport\4.1.65.Final\netty-transport-4.1.65.Final.jar;D:\maven-repository\io\netty\netty-resolver\4.1.65.Final\netty-resolver-4.1.65.Final.jar;D:\maven-repository\io\netty\netty-resolver-dns\4.1.65.Final\netty-resolver-dns-4.1.65.Final.jar;D:\maven-repository\io\netty\netty-codec-dns\4.1.65.Final\netty-codec-dns-4.1.65.Final.jar;D:\maven-repository\io\netty\netty-handler\4.1.65.Final\netty-handler-4.1.65.Final.jar;D:\maven-repository\javax\cache\cache-api\1.1.1\cache-api-1.1.1.jar;D:\maven-repository\io\projectreactor\reactor-core\3.4.7\reactor-core-3.4.7.jar;D:\maven-repository\org\reactivestreams\reactive-streams\1.0.3\reactive-streams-1.0.3.jar;D:\maven-repository\org\slf4j\slf4j-api\1.7.31\slf4j-api-1.7.31.jar;D:\maven-repository\com\fasterxml\jackson\dataformat\jackson-dataformat-yaml\2.12.3\jackson-dataformat-yaml-2.12.3.jar;D:\maven-repository\com\fasterxml\jackson\core\jackson-core\2.12.3\jackson-core-2.12.3.jar;D:\maven-repository\net\bytebuddy\byte-buddy\1.10.22\byte-buddy-1.10.22.jar;D:\maven-repository\org\jodd\jodd-bean\3.7.1\jodd-bean-3.7.1.jar;D:\maven-repository\org\jodd\jodd-core\3.7.1\jodd-core-3.7.1.jar;D:\maven-repository\org\apache\curator\curator-framework\2.12.0\curator-framework-2.12.0.jar;D:\maven-repository\org\apache\curator\curator-client\2.12.0\curator-client-2.12.0.jar;D:\maven-repository\org\apache\zookeeper\zookeeper\3.4.8\zookeeper-3.4.8.jar;D:\maven-repository\jline\jline\0.9.94\jline-0.9.94.jar;D:\maven-repository\io\netty\netty\3.7.0.Final\netty-3.7.0.Final.jar;D:\maven-repository\com\google\guava\guava\16.0.1\guava-16.0.1.jar;D:\maven-repository\org\apache\curator\curator-recipes\2.12.0\curator-recipes-2.12.0.jar;"/>
    <property name="java.vm.vendor" value="Oracle Corporation"/>
    <property name="sun.arch.data.model" value="64"/>
    <property name="user.variant" value=""/>
    <property name="java.vendor.url" value="http://java.oracle.com/"/>
    <property name="user.timezone" value="Asia/Shanghai"/>
    <property name="java.vm.specification.version" value="1.8"/>
    <property name="os.name" value="Windows 10"/>
    <property name="user.country" value="CN"/>
    <property name="sun.java.launcher" value="SUN_STANDARD"/>
    <property name="sun.boot.library.path" value="D:\Java\jdk\jre\bin"/>
    <property name="sun.java.command" value="C:\Users\WeiHeng\AppData\Local\Temp\surefire1309300099298913785\surefirebooter1346097470810513489.jar C:\Users\WeiHeng\AppData\Local\Temp\surefire1309300099298913785 2021-08-21T23-39-33_522-jvmRun1 surefire8847258293355927323tmp surefire_07526518551326669087tmp"/>
    <property name="surefire.test.class.path" value="D:\project\secondkill\target\test-classes;D:\project\secondkill\target\classes;D:\maven-repository\org\springframework\boot\spring-boot-starter\2.5.2\spring-boot-starter-2.5.2.jar;D:\maven-repository\org\springframework\boot\spring-boot\2.5.2\spring-boot-2.5.2.jar;D:\maven-repository\org\springframework\spring-context\5.3.8\spring-context-5.3.8.jar;D:\maven-repository\org\springframework\boot\spring-boot-autoconfigure\2.5.2\spring-boot-autoconfigure-2.5.2.jar;D:\maven-repository\org\springframework\boot\spring-boot-starter-logging\2.5.2\spring-boot-starter-logging-2.5.2.jar;D:\maven-repository\ch\qos\logback\logback-classic\1.2.3\logback-classic-1.2.3.jar;D:\maven-repository\ch\qos\logback\logback-core\1.2.3\logback-core-1.2.3.jar;D:\maven-repository\org\apache\logging\log4j\log4j-to-slf4j\2.14.1\log4j-to-slf4j-2.14.1.jar;D:\maven-repository\org\apache\logging\log4j\log4j-api\2.14.1\log4j-api-2.14.1.jar;D:\maven-repository\org\slf4j\jul-to-slf4j\1.7.31\jul-to-slf4j-1.7.31.jar;D:\maven-repository\jakarta\annotation\jakarta.annotation-api\1.3.5\jakarta.annotation-api-1.3.5.jar;D:\maven-repository\org\springframework\spring-core\5.3.8\spring-core-5.3.8.jar;D:\maven-repository\org\springframework\spring-jcl\5.3.8\spring-jcl-5.3.8.jar;D:\maven-repository\org\yaml\snakeyaml\1.28\snakeyaml-1.28.jar;D:\maven-repository\org\springframework\boot\spring-boot-starter-thymeleaf\2.5.2\spring-boot-starter-thymeleaf-2.5.2.jar;D:\maven-repository\org\thymeleaf\thymeleaf-spring5\3.0.12.RELEASE\thymeleaf-spring5-3.0.12.RELEASE.jar;D:\maven-repository\org\thymeleaf\thymeleaf\3.0.12.RELEASE\thymeleaf-3.0.12.RELEASE.jar;D:\maven-repository\org\attoparser\attoparser\2.0.5.RELEASE\attoparser-2.0.5.RELEASE.jar;D:\maven-repository\org\unbescape\unbescape\1.1.6.RELEASE\unbescape-1.1.6.RELEASE.jar;D:\maven-repository\org\thymeleaf\extras\thymeleaf-extras-java8time\3.0.4.RELEASE\thymeleaf-extras-java8time-3.0.4.RELEASE.jar;D:\maven-repository\com\baomidou\mybatis-plus-boot-starter\3.1.2\mybatis-plus-boot-starter-3.1.2.jar;D:\maven-repository\com\baomidou\mybatis-plus\3.1.2\mybatis-plus-3.1.2.jar;D:\maven-repository\com\baomidou\mybatis-plus-extension\3.1.2\mybatis-plus-extension-3.1.2.jar;D:\maven-repository\com\baomidou\mybatis-plus-core\3.1.2\mybatis-plus-core-3.1.2.jar;D:\maven-repository\com\baomidou\mybatis-plus-annotation\3.1.2\mybatis-plus-annotation-3.1.2.jar;D:\maven-repository\com\github\jsqlparser\jsqlparser\1.2\jsqlparser-1.2.jar;D:\maven-repository\org\mybatis\mybatis\3.5.1\mybatis-3.5.1.jar;D:\maven-repository\org\mybatis\mybatis-spring\2.0.1\mybatis-spring-2.0.1.jar;D:\maven-repository\org\springframework\boot\spring-boot-starter-jdbc\2.5.2\spring-boot-starter-jdbc-2.5.2.jar;D:\maven-repository\com\zaxxer\HikariCP\4.0.3\HikariCP-4.0.3.jar;D:\maven-repository\org\springframework\spring-jdbc\5.3.8\spring-jdbc-5.3.8.jar;D:\maven-repository\org\springframework\boot\spring-boot-starter-web\2.5.2\spring-boot-starter-web-2.5.2.jar;D:\maven-repository\org\springframework\boot\spring-boot-starter-json\2.5.2\spring-boot-starter-json-2.5.2.jar;D:\maven-repository\com\fasterxml\jackson\datatype\jackson-datatype-jdk8\2.12.3\jackson-datatype-jdk8-2.12.3.jar;D:\maven-repository\com\fasterxml\jackson\datatype\jackson-datatype-jsr310\2.12.3\jackson-datatype-jsr310-2.12.3.jar;D:\maven-repository\com\fasterxml\jackson\module\jackson-module-parameter-names\2.12.3\jackson-module-parameter-names-2.12.3.jar;D:\maven-repository\org\springframework\boot\spring-boot-starter-tomcat\2.5.2\spring-boot-starter-tomcat-2.5.2.jar;D:\maven-repository\org\apache\tomcat\embed\tomcat-embed-core\9.0.48\tomcat-embed-core-9.0.48.jar;D:\maven-repository\org\apache\tomcat\embed\tomcat-embed-el\9.0.48\tomcat-embed-el-9.0.48.jar;D:\maven-repository\org\apache\tomcat\embed\tomcat-embed-websocket\9.0.48\tomcat-embed-websocket-9.0.48.jar;D:\maven-repository\org\springframework\spring-web\5.3.8\spring-web-5.3.8.jar;D:\maven-repository\org\springframework\spring-beans\5.3.8\spring-beans-5.3.8.jar;D:\maven-repository\org\springframework\spring-webmvc\5.3.8\spring-webmvc-5.3.8.jar;D:\maven-repository\org\springframework\spring-expression\5.3.8\spring-expression-5.3.8.jar;D:\maven-repository\mysql\mysql-connector-java\8.0.11\mysql-connector-java-8.0.11.jar;D:\maven-repository\org\projectlombok\lombok\1.18.20\lombok-1.18.20.jar;D:\maven-repository\org\springframework\boot\spring-boot-starter-security\2.5.2\spring-boot-starter-security-2.5.2.jar;D:\maven-repository\org\springframework\spring-aop\5.3.8\spring-aop-5.3.8.jar;D:\maven-repository\org\springframework\security\spring-security-config\5.5.1\spring-security-config-5.5.1.jar;D:\maven-repository\org\springframework\security\spring-security-core\5.5.1\spring-security-core-5.5.1.jar;D:\maven-repository\org\springframework\security\spring-security-crypto\5.5.1\spring-security-crypto-5.5.1.jar;D:\maven-repository\org\springframework\security\spring-security-web\5.5.1\spring-security-web-5.5.1.jar;D:\maven-repository\io\jsonwebtoken\jjwt-api\0.10.6\jjwt-api-0.10.6.jar;D:\maven-repository\io\jsonwebtoken\jjwt-impl\0.10.6\jjwt-impl-0.10.6.jar;D:\maven-repository\io\jsonwebtoken\jjwt-jackson\0.10.6\jjwt-jackson-0.10.6.jar;D:\maven-repository\com\fasterxml\jackson\core\jackson-databind\2.12.3\jackson-databind-2.12.3.jar;D:\maven-repository\com\fasterxml\jackson\core\jackson-annotations\2.12.3\jackson-annotations-2.12.3.jar;D:\maven-repository\org\springframework\boot\spring-boot-configuration-processor\2.5.2\spring-boot-configuration-processor-2.5.2.jar;D:\maven-repository\commons-lang\commons-lang\2.6\commons-lang-2.6.jar;D:\maven-repository\log4j\log4j\1.2.17\log4j-1.2.17.jar;D:\maven-repository\org\springframework\boot\spring-boot-starter-test\2.5.2\spring-boot-starter-test-2.5.2.jar;D:\maven-repository\org\springframework\boot\spring-boot-test\2.5.2\spring-boot-test-2.5.2.jar;D:\maven-repository\org\springframework\boot\spring-boot-test-autoconfigure\2.5.2\spring-boot-test-autoconfigure-2.5.2.jar;D:\maven-repository\com\jayway\jsonpath\json-path\2.5.0\json-path-2.5.0.jar;D:\maven-repository\net\minidev\json-smart\2.4.7\json-smart-2.4.7.jar;D:\maven-repository\net\minidev\accessors-smart\2.4.7\accessors-smart-2.4.7.jar;D:\maven-repository\org\ow2\asm\asm\9.1\asm-9.1.jar;D:\maven-repository\jakarta\xml\bind\jakarta.xml.bind-api\2.3.3\jakarta.xml.bind-api-2.3.3.jar;D:\maven-repository\jakarta\activation\jakarta.activation-api\1.2.2\jakarta.activation-api-1.2.2.jar;D:\maven-repository\org\assertj\assertj-core\3.19.0\assertj-core-3.19.0.jar;D:\maven-repository\org\hamcrest\hamcrest\2.2\hamcrest-2.2.jar;D:\maven-repository\org\junit\jupiter\junit-jupiter\5.7.2\junit-jupiter-5.7.2.jar;D:\maven-repository\org\junit\jupiter\junit-jupiter-api\5.7.2\junit-jupiter-api-5.7.2.jar;D:\maven-repository\org\apiguardian\apiguardian-api\1.1.0\apiguardian-api-1.1.0.jar;D:\maven-repository\org\opentest4j\opentest4j\1.2.0\opentest4j-1.2.0.jar;D:\maven-repository\org\junit\platform\junit-platform-commons\1.7.2\junit-platform-commons-1.7.2.jar;D:\maven-repository\org\junit\jupiter\junit-jupiter-params\5.7.2\junit-jupiter-params-5.7.2.jar;D:\maven-repository\org\junit\jupiter\junit-jupiter-engine\5.7.2\junit-jupiter-engine-5.7.2.jar;D:\maven-repository\org\junit\platform\junit-platform-engine\1.7.2\junit-platform-engine-1.7.2.jar;D:\maven-repository\org\mockito\mockito-core\3.9.0\mockito-core-3.9.0.jar;D:\maven-repository\net\bytebuddy\byte-buddy-agent\1.10.22\byte-buddy-agent-1.10.22.jar;D:\maven-repository\org\objenesis\objenesis\3.2\objenesis-3.2.jar;D:\maven-repository\org\mockito\mockito-junit-jupiter\3.9.0\mockito-junit-jupiter-3.9.0.jar;D:\maven-repository\org\skyscreamer\jsonassert\1.5.0\jsonassert-1.5.0.jar;D:\maven-repository\com\vaadin\external\google\android-json\0.0.20131108.vaadin1\android-json-0.0.20131108.vaadin1.jar;D:\maven-repository\org\springframework\spring-test\5.3.8\spring-test-5.3.8.jar;D:\maven-repository\org\xmlunit\xmlunit-core\2.8.2\xmlunit-core-2.8.2.jar;D:\maven-repository\javax\validation\validation-api\1.1.0.Final\validation-api-1.1.0.Final.jar;D:\maven-repository\org\hibernate\hibernate-validator\5.4.1.Final\hibernate-validator-5.4.1.Final.jar;D:\maven-repository\org\jboss\logging\jboss-logging\3.4.2.Final\jboss-logging-3.4.2.Final.jar;D:\maven-repository\com\fasterxml\classmate\1.5.1\classmate-1.5.1.jar;D:\maven-repository\joda-time\joda-time\2.9.2\joda-time-2.9.2.jar;D:\maven-repository\org\springframework\boot\spring-boot-starter-amqp\2.5.2\spring-boot-starter-amqp-2.5.2.jar;D:\maven-repository\org\springframework\spring-messaging\5.3.8\spring-messaging-5.3.8.jar;D:\maven-repository\org\springframework\amqp\spring-rabbit\2.3.9\spring-rabbit-2.3.9.jar;D:\maven-repository\org\springframework\amqp\spring-amqp\2.3.9\spring-amqp-2.3.9.jar;D:\maven-repository\org\springframework\retry\spring-retry\1.3.1\spring-retry-1.3.1.jar;D:\maven-repository\com\rabbitmq\amqp-client\5.12.0\amqp-client-5.12.0.jar;D:\maven-repository\org\springframework\spring-tx\5.3.8\spring-tx-5.3.8.jar;D:\maven-repository\org\springframework\boot\spring-boot-starter-redis\1.3.5.RELEASE\spring-boot-starter-redis-1.3.5.RELEASE.jar;D:\maven-repository\org\springframework\data\spring-data-redis\2.5.2\spring-data-redis-2.5.2.jar;D:\maven-repository\org\springframework\data\spring-data-keyvalue\2.5.2\spring-data-keyvalue-2.5.2.jar;D:\maven-repository\org\springframework\data\spring-data-commons\2.5.2\spring-data-commons-2.5.2.jar;D:\maven-repository\org\springframework\spring-oxm\5.3.8\spring-oxm-5.3.8.jar;D:\maven-repository\org\springframework\spring-context-support\5.3.8\spring-context-support-5.3.8.jar;D:\maven-repository\redis\clients\jedis\3.6.1\jedis-3.6.1.jar;D:\maven-repository\org\apache\commons\commons-pool2\2.9.0\commons-pool2-2.9.0.jar;D:\maven-repository\org\redisson\redisson\3.8.2\redisson-3.8.2.jar;D:\maven-repository\io\netty\netty-common\4.1.65.Final\netty-common-4.1.65.Final.jar;D:\maven-repository\io\netty\netty-codec\4.1.65.Final\netty-codec-4.1.65.Final.jar;D:\maven-repository\io\netty\netty-buffer\4.1.65.Final\netty-buffer-4.1.65.Final.jar;D:\maven-repository\io\netty\netty-transport\4.1.65.Final\netty-transport-4.1.65.Final.jar;D:\maven-repository\io\netty\netty-resolver\4.1.65.Final\netty-resolver-4.1.65.Final.jar;D:\maven-repository\io\netty\netty-resolver-dns\4.1.65.Final\netty-resolver-dns-4.1.65.Final.jar;D:\maven-repository\io\netty\netty-codec-dns\4.1.65.Final\netty-codec-dns-4.1.65.Final.jar;D:\maven-repository\io\netty\netty-handler\4.1.65.Final\netty-handler-4.1.65.Final.jar;D:\maven-repository\javax\cache\cache-api\1.1.1\cache-api-1.1.1.jar;D:\maven-repository\io\projectreactor\reactor-core\3.4.7\reactor-core-3.4.7.jar;D:\maven-repository\org\reactivestreams\reactive-streams\1.0.3\reactive-streams-1.0.3.jar;D:\maven-repository\org\slf4j\slf4j-api\1.7.31\slf4j-api-1.7.31.jar;D:\maven-repository\com\fasterxml\jackson\dataformat\jackson-dataformat-yaml\2.12.3\jackson-dataformat-yaml-2.12.3.jar;D:\maven-repository\com\fasterxml\jackson\core\jackson-core\2.12.3\jackson-core-2.12.3.jar;D:\maven-repository\net\bytebuddy\byte-buddy\1.10.22\byte-buddy-1.10.22.jar;D:\maven-repository\org\jodd\jodd-bean\3.7.1\jodd-bean-3.7.1.jar;D:\maven-repository\org\jodd\jodd-core\3.7.1\jodd-core-3.7.1.jar;D:\maven-repository\org\apache\curator\curator-framework\2.12.0\curator-framework-2.12.0.jar;D:\maven-repository\org\apache\curator\curator-client\2.12.0\curator-client-2.12.0.jar;D:\maven-repository\org\apache\zookeeper\zookeeper\3.4.8\zookeeper-3.4.8.jar;D:\maven-repository\jline\jline\0.9.94\jline-0.9.94.jar;D:\maven-repository\io\netty\netty\3.7.0.Final\netty-3.7.0.Final.jar;D:\maven-repository\com\google\guava\guava\16.0.1\guava-16.0.1.jar;D:\maven-repository\org\apache\curator\curator-recipes\2.12.0\curator-recipes-2.12.0.jar;"/>
    <property name="sun.cpu.endian" value="little"/>
    <property name="user.home" value="C:\Users\WeiHeng"/>
    <property name="user.language" value="zh"/>
    <property name="java.specification.vendor" value="Oracle Corporation"/>
    <property name="java.home" value="D:\Java\jdk\jre"/>
    <property name="basedir" value="D:\project\secondkill"/>
    <property name="file.separator" value="\"/>
    <property name="line.separator" value="&#10;"/>
    <property name="java.vm.specification.vendor" value="Oracle Corporation"/>
    <property name="java.specification.name" value="Java Platform API Specification"/>
    <property name="java.awt.graphicsenv" value="sun.awt.Win32GraphicsEnvironment"/>
    <property name="surefire.real.class.path" value="C:\Users\WeiHeng\AppData\Local\Temp\surefire1309300099298913785\surefirebooter1346097470810513489.jar"/>
    <property name="sun.boot.class.path" value="D:\Java\jdk\jre\lib\resources.jar;D:\Java\jdk\jre\lib\rt.jar;D:\Java\jdk\jre\lib\sunrsasign.jar;D:\Java\jdk\jre\lib\jsse.jar;D:\Java\jdk\jre\lib\jce.jar;D:\Java\jdk\jre\lib\charsets.jar;D:\Java\jdk\jre\lib\jfr.jar;D:\Java\jdk\jre\classes"/>
    <property name="user.script" value=""/>
    <property name="sun.management.compiler" value="HotSpot 64-Bit Tiered Compilers"/>
    <property name="java.runtime.version" value="1.8.0_291-b10"/>
    <property name="user.name" value="WeiHeng"/>
    <property name="path.separator" value=";"/>
    <property name="os.version" value="10.0"/>
    <property name="java.endorsed.dirs" value="D:\Java\jdk\jre\lib\endorsed"/>
    <property name="java.runtime.name" value="Java(TM) SE Runtime Environment"/>
    <property name="file.encoding" value="GBK"/>
    <property name="java.vm.name" value="Java HotSpot(TM) 64-Bit Server VM"/>
    <property name="localRepository" value="D:\maven-repository"/>
    <property name="java.vendor.url.bug" value="http://bugreport.sun.com/bugreport/"/>
    <property name="java.io.tmpdir" value="C:\Users\WeiHeng\AppData\Local\Temp\"/>
    <property name="idea.version" value="2020.3.2"/>
    <property name="java.version" value="1.8.0_291"/>
    <property name="user.dir" value="D:\project\secondkill"/>
    <property name="os.arch" value="amd64"/>
    <property name="java.vm.specification.name" value="Java Virtual Machine Specification"/>
    <property name="java.awt.printerjob" value="sun.awt.windows.WPrinterJob"/>
    <property name="sun.os.patch.level" value=""/>
    <property name="java.library.path" value="D:\Java\jdk\jre\bin;C:\Windows\Sun\Java\bin;C:\Windows\system32;C:\Windows;D:\ProgramData\Anaconda3\condabin;C:\Program Files (x86)\Common Files\Oracle\Java\javapath;C:\Python27\;C:\Python27\Scripts;C:\Python38\Scripts\;C:\Python38\;C:\Windows\system32;C:\Windows;C:\Windows\System32\Wbem;C:\Windows\System32\WindowsPowerShell\v1.0\;C:\Windows\System32\OpenSSH\;C:\Program Files\Git\cmd;D:\Go\bin;D:\Java\jdk\bin;D:\Java\jdk\jre\bin;D:\Java\apache-maven\bin;D:\Program Files (x86)\NetSarang\Xshell 7\;D:\Java\apache-tomcat\bin;D:\Go\bin;D:\GoCode\bin;D:\ProgramData\Anaconda3\bin;D:\ProgramData\Anaconda3;D:\ProgramData\Anaconda3\Scripts;D:\ProgramData\Anaconda3\Library\bin;D:\ProgramData\Anaconda3\Library\mingw-w64\bin;;C:\Program Files (x86)\NVIDIA Corporation\PhysX\Common;C:\Users\WeiHeng\AppData\Local\Microsoft\WindowsApps;C:\Programs\Microsoft VS Code\bin;C:\Program Files\JetBrains\PyCharm 2020.3.3\bin;;C:\Users\WeiHeng\go\bin;D:\Program Files\Bandizip\;D:\Program Files\JetBrains\CLion 2020.3.3\bin;;D:\Programs\Fiddler;."/>
    <property name="java.vm.info" value="mixed mode"/>
    <property name="java.vendor" value="Oracle Corporation"/>
    <property name="java.vm.version" value="25.291-b10"/>
    <property name="java.ext.dirs" value="D:\Java\jdk\jre\lib\ext;C:\Windows\Sun\Java\lib\ext"/>
    <property name="sun.io.unicode.encoding" value="UnicodeLittle"/>
    <property name="maven.repo.local" value="D:\maven-repository"/>
    <property name="java.class.version" value="52.0"/>
  </properties>
  <testcase name="hello" classname="com.weiheng.Bcrypt.BCryptTest" time="0.859"/>
</testsuite>